<?xml version="1.0" encoding="UTF-8"?>
<!-- Generated by org.testng.reporters.JUnitReportReporter -->
<testsuite skipped="0" hostname="Jagadishs-MacBook-Pro.local" name="GitHubLogin.GitHubLogin.GitHubLoginTest" tests="1" failures="0" timestamp="12 Aug 2017 07:38:56 GMT" time="2.076" errors="0">
  <testcase name="inVlaidLogin" time="2.076" classname="GitHubLogin.GitHubLogin.GitHubLoginTest"/>
</testsuite> <!-- GitHubLogin.GitHubLogin.GitHubLoginTest -->
