<?xml version="1.0" encoding="UTF-8"?>
<!-- Generated by org.testng.reporters.JUnitReportReporter -->
<testsuite hostname="Jagadishs-MacBook-Pro.local" name="GitHubLogin.GitHubLogin.GitHubLoginTest" tests="2" failures="0" timestamp="12 Aug 2017 15:47:01 GMT" time="16.414" errors="0">
  <testcase name="inVlaidLogin" time="12.157" classname="GitHubLogin.GitHubLogin.GitHubLoginTest"/>
  <testcase name="validLogin" time="4.257" classname="GitHubLogin.GitHubLogin.GitHubLoginTest"/>
</testsuite> <!-- GitHubLogin.GitHubLogin.GitHubLoginTest -->
